[0m[[0m[0mdebug[0m] [0m[0m> Exec(test, Some(2d96df48-0594-46d4-92a2-d91c45a965d4), Some(CommandSource(console0)))[0m
[0m[[0m[0mdebug[0m] [0m[0mEvaluating tasks: Test / test[0m
[0m[[0m[0mdebug[0m] [0m[0mRunning task... Cancel: Signal, check cycles: false, forcegc: true[0m
[0m[[0m[0minfo[0m] [0m[0mcompiling 1 Scala source to /Users/rel21/Documents/IntelliJ-workspace/Sky_Repos/mentoring/target/scala-3.3.6/classes ...[0m
[0m[[0m[33mwarn[0m] [0m[0m[33m[33m-- Warning: /Users/rel21/Documents/IntelliJ-workspace/Sky_Repos/mentoring/src/main/scala/Decoder.scala:42:4 [0m[0m[0m
[0m[[0m[33mwarn[0m] [0m[0m[33m42 |[0m    [33mif[0m (!inputString.contains([31m'('[0m)) decode(inputString) [33melse[0m {[0m
[0m[[0m[33mwarn[0m] [0m[0m[33m[33m   |[0m    ^[0m[0m
[0m[[0m[33mwarn[0m] [0m[0m[33m   |[0m    Line is indented too far to the left, or a `}` is missing[0m
[0m[[0m[33mwarn[0m] [0m[0mone warning found[0m
[0m[[0m[0minfo[0m] [0m[0mcompiling 1 Scala source to /Users/rel21/Documents/IntelliJ-workspace/Sky_Repos/mentoring/target/scala-3.3.6/test-classes ...[0m
[0m[[0m[33mwarn[0m] [0m[0mGetting the hostname UKFNQHF24YPL was slow (5004.490333 ms). This is likely because the computer's hostname is not set. You can set the hostname with the command: scutil --set HostName "$(scutil --get LocalHostName).local".[0m
[0m[[0m[0minfo[0m] [0m[0m[32mDecoderSpec:[0m[0m
[0m[[0m[0minfo[0m] [0m[0m[32mDecoder[0m[0m
[0m[[0m[0minfo[0m] [0m[0m[32m- should decode a simple string correctly[0m[0m
[0m[[0m[0minfo[0m] [0m[0m[32m- should decode a string with multiple digits correctly[0m[0m
[0m[[0m[0minfo[0m] [0m[0m[32m- should decode a nested string correctly[0m[0m
[0m[[0m[0minfo[0m] [0m[0m[32m- should decode a string where the number is more than one digit[0m[0m
[0m[[0m[0minfo[0m] [0m[0m[36mRun completed in 53 milliseconds.[0m[0m
[0m[[0m[0minfo[0m] [0m[0m[36mTotal number of tests run: 4[0m[0m
[0m[[0m[0minfo[0m] [0m[0m[36mSuites: completed 1, aborted 0[0m[0m
[0m[[0m[0minfo[0m] [0m[0m[36mTests: succeeded 4, failed 0, canceled 0, ignored 0, pending 0[0m[0m
[0m[[0m[0minfo[0m] [0m[0m[32mAll tests passed.[0m[0m
[0m[[0m[0mdebug[0m] [0m[0mForcing garbage collection...[0m
[0m[[0m[32msuccess[0m] [0m[0mTotal time: 5 s, completed 13 Aug 2025, 16:13:26[0m
[0m[[0m[0mdebug[0m] [0m[0m> Exec(shell, None, None)[0m
[0m[[0m[0mdebug[0m] [0m[0mForcing garbage collection...[0m
[0m[[0m[0minfo[0m] [0m[0mshutting down sbt server[0m
